2023-07-17T06:29:01.8006134Z ##[group]Run cd C:\Users\oplab\Desktop\CICD_test
2023-07-17T06:29:01.8006402Z [36;1mcd C:\Users\oplab\Desktop\CICD_test[0m
2023-07-17T06:29:01.8006616Z [36;1mgit pull https://github.com/fenofista/CICD_test.git[0m
2023-07-17T06:29:01.8006790Z [36;1mcd Program[0m
2023-07-17T06:29:01.8006924Z [36;1mpython main.py[0m
2023-07-17T06:29:01.8042847Z shell: C:\Program Files (x86)\PowerShell\7\pwsh.EXE -command ". '{0}'"
2023-07-17T06:29:01.8043010Z env:
2023-07-17T06:29:01.8043168Z   pythonLocation: C:\Users\oplab\Desktop\CICD_test\actions-runner\_work\_tool\Python\3.7.9\x64
2023-07-17T06:29:01.8043369Z ##[endgroup]
2023-07-17T06:29:02.8323277Z From https://github.com/fenofista/CICD_test
2023-07-17T06:29:02.8323893Z  * branch            HEAD       -> FETCH_HEAD
2023-07-17T06:29:02.8593871Z Already up to date.
2023-07-17T06:29:03.3192825Z C:\Users\oplab\anaconda3\lib\site-packages\scipy\__init__.py:146: UserWarning: A NumPy version >=1.16.5 and <1.23.0 is required for this version of SciPy (detected version 1.24.3
2023-07-17T06:29:03.3193270Z   warnings.warn(f"A NumPy version >={np_minversion} and <{np_maxversion}"
2023-07-17T06:29:20.2198779Z main_oneTypeofResearchTarget
2023-07-17T06:29:20.2199093Z processing:  1m_temp
2023-07-17T06:29:20.2199234Z now processing:  XBG
2023-07-17T06:29:20.2199352Z 7
2023-07-17T06:29:20.2201526Z preceeding:  1 fold
2023-07-17T06:29:20.2201771Z BorderlineSMOTE(k_neighbors=1, m_neighbors=2, random_state=0)
2023-07-17T06:29:20.2202065Z preceeding:  2 fold
2023-07-17T06:29:20.2202251Z BorderlineSMOTE(k_neighbors=1, m_neighbors=2, random_state=0)
2023-07-17T06:29:20.2202419Z preceeding:  3 fold
2023-07-17T06:29:20.2202584Z BorderlineSMOTE(k_neighbors=1, m_neighbors=2, random_state=0)
2023-07-17T06:29:20.2202748Z cross validation result:
2023-07-17T06:29:20.2202879Z Mean accuracy:0.55556
2023-07-17T06:29:20.2203066Z Mean f1 score:0.35556
2023-07-17T06:29:20.2203258Z confusion matrix:
2023-07-17T06:29:20.2203477Z                     true positive  true negative
2023-07-17T06:29:20.2203760Z predicted positive:             0              0
2023-07-17T06:29:20.2203988Z predicted negative:             3              4
2023-07-17T06:29:20.2204181Z total time :  0.7253406047821045
2023-07-17T06:29:20.2204363Z now processing:  RF
2023-07-17T06:29:20.2204528Z 7
2023-07-17T06:29:20.2204680Z preceeding:  1 fold
2023-07-17T06:29:20.2204941Z BorderlineSMOTE(k_neighbors=1, m_neighbors=2, random_state=0)
2023-07-17T06:29:20.2205111Z preceeding:  2 fold
2023-07-17T06:29:20.2205270Z BorderlineSMOTE(k_neighbors=1, m_neighbors=2, random_state=0)
2023-07-17T06:29:20.2205424Z preceeding:  3 fold
2023-07-17T06:29:20.2205583Z BorderlineSMOTE(k_neighbors=1, m_neighbors=2, random_state=0)
2023-07-17T06:29:20.2205750Z cross validation result:
2023-07-17T06:29:20.2205883Z Mean accuracy:0.83333
2023-07-17T06:29:20.2206013Z Mean f1 score:0.77778
2023-07-17T06:29:20.2206125Z confusion matrix:
2023-07-17T06:29:20.2206269Z                     true positive  true negative
2023-07-17T06:29:20.2206429Z predicted positive:             2              0
2023-07-17T06:29:20.2206583Z predicted negative:             1              4
2023-07-17T06:29:20.2206726Z total time :  2.1293609142303467
2023-07-17T06:29:20.2206856Z now processing:  DTB
2023-07-17T06:29:20.2206966Z 7
2023-07-17T06:29:20.2207073Z preceeding:  1 fold
2023-07-17T06:29:20.2207236Z BorderlineSMOTE(k_neighbors=1, m_neighbors=2, random_state=0)
2023-07-17T06:29:20.2207632Z preceeding:  2 fold
2023-07-17T06:29:20.2207791Z BorderlineSMOTE(k_neighbors=1, m_neighbors=2, random_state=0)
2023-07-17T06:29:20.2207941Z preceeding:  3 fold
2023-07-17T06:29:20.2208089Z BorderlineSMOTE(k_neighbors=1, m_neighbors=2, random_state=0)
2023-07-17T06:29:20.2208252Z cross validation result:
2023-07-17T06:29:20.2208383Z Mean accuracy:0.83333
2023-07-17T06:29:20.2208509Z Mean f1 score:0.77778
2023-07-17T06:29:20.2208623Z confusion matrix:
2023-07-17T06:29:20.2208758Z                     true positive  true negative
2023-07-17T06:29:20.2210214Z predicted positive:             2              0
2023-07-17T06:29:20.2210376Z predicted negative:             1              4
2023-07-17T06:29:20.2210519Z total time :  1.248584508895874
2023-07-17T06:29:20.2210603Z 
2023-07-17T06:29:20.2210658Z processing:  3m_temp
2023-07-17T06:29:20.2210791Z now processing:  XBG
2023-07-17T06:29:20.2210899Z 7
2023-07-17T06:29:20.2211006Z preceeding:  1 fold
2023-07-17T06:29:20.2211182Z BorderlineSMOTE(k_neighbors=1, m_neighbors=2, random_state=0)
2023-07-17T06:29:20.2211347Z preceeding:  2 fold
2023-07-17T06:29:20.2211512Z BorderlineSMOTE(k_neighbors=1, m_neighbors=2, random_state=0)
2023-07-17T06:29:20.2211669Z preceeding:  3 fold
2023-07-17T06:29:20.2211822Z BorderlineSMOTE(k_neighbors=1, m_neighbors=2, random_state=0)
2023-07-17T06:29:20.2211992Z cross validation result:
2023-07-17T06:29:20.2212125Z Mean accuracy:0.55556
2023-07-17T06:29:20.2212251Z Mean f1 score:0.35556
2023-07-17T06:29:20.2212368Z confusion matrix:
2023-07-17T06:29:20.2212516Z                     true positive  true negative
2023-07-17T06:29:20.2212670Z predicted positive:             0              0
2023-07-17T06:29:20.2212818Z predicted negative:             3              4
2023-07-17T06:29:20.2212960Z total time :  0.676546573638916
2023-07-17T06:29:20.2213088Z now processing:  RF
2023-07-17T06:29:20.2213199Z 7
2023-07-17T06:29:20.2213300Z preceeding:  1 fold
2023-07-17T06:29:20.2213466Z BorderlineSMOTE(k_neighbors=1, m_neighbors=2, random_state=0)
2023-07-17T06:29:20.2213624Z preceeding:  2 fold
2023-07-17T06:29:20.2213780Z BorderlineSMOTE(k_neighbors=1, m_neighbors=2, random_state=0)
2023-07-17T06:29:20.2213930Z preceeding:  3 fold
2023-07-17T06:29:20.2214084Z BorderlineSMOTE(k_neighbors=1, m_neighbors=2, random_state=0)
2023-07-17T06:29:20.2214235Z cross validation result:
2023-07-17T06:29:20.2214367Z Mean accuracy:0.83333
2023-07-17T06:29:20.2214492Z Mean f1 score:0.77778
2023-07-17T06:29:20.2214609Z confusion matrix:
2023-07-17T06:29:20.2214750Z                     true positive  true negative
2023-07-17T06:29:20.2214944Z predicted positive:             2              0
2023-07-17T06:29:20.2215093Z predicted negative:             1              4
2023-07-17T06:29:20.2215230Z total time :  2.1407506465911865
2023-07-17T06:29:20.2215359Z now processing:  DTB
2023-07-17T06:29:20.2215475Z 7
2023-07-17T06:29:20.2215581Z preceeding:  1 fold
2023-07-17T06:29:20.2215745Z BorderlineSMOTE(k_neighbors=1, m_neighbors=2, random_state=0)
2023-07-17T06:29:20.2215907Z preceeding:  2 fold
2023-07-17T06:29:20.2216069Z BorderlineSMOTE(k_neighbors=1, m_neighbors=2, random_state=0)
2023-07-17T06:29:20.2216227Z preceeding:  3 fold
2023-07-17T06:29:20.2216383Z BorderlineSMOTE(k_neighbors=1, m_neighbors=2, random_state=0)
2023-07-17T06:29:20.2216542Z cross validation result:
2023-07-17T06:29:20.2216670Z Mean accuracy:0.83333
2023-07-17T06:29:20.2216792Z Mean f1 score:0.77778
2023-07-17T06:29:20.2216908Z confusion matrix:
2023-07-17T06:29:20.2217047Z                     true positive  true negative
2023-07-17T06:29:20.2217203Z predicted positive:             2              0
2023-07-17T06:29:20.2217353Z predicted negative:             1              4
2023-07-17T06:29:20.2217488Z total time :  1.248619556427002
2023-07-17T06:29:20.2217570Z 
2023-07-17T06:29:20.2217622Z processing:  6m_temp
2023-07-17T06:29:20.2217748Z now processing:  XBG
2023-07-17T06:29:20.2217985Z 7
2023-07-17T06:29:20.2218089Z preceeding:  1 fold
2023-07-17T06:29:20.2218242Z BorderlineSMOTE(k_neighbors=1, m_neighbors=2, random_state=0)
2023-07-17T06:29:20.2218396Z preceeding:  2 fold
2023-07-17T06:29:20.2218553Z BorderlineSMOTE(k_neighbors=1, m_neighbors=2, random_state=0)
2023-07-17T06:29:20.2218713Z preceeding:  3 fold
2023-07-17T06:29:20.2218877Z BorderlineSMOTE(k_neighbors=1, m_neighbors=2, random_state=0)
2023-07-17T06:29:20.2219039Z cross validation result:
2023-07-17T06:29:20.2219163Z Mean accuracy:0.55556
2023-07-17T06:29:20.2219283Z Mean f1 score:0.35556
2023-07-17T06:29:20.2219910Z confusion matrix:
2023-07-17T06:29:20.2220053Z                     true positive  true negative
2023-07-17T06:29:20.2220210Z predicted positive:             0              0
2023-07-17T06:29:20.2220364Z predicted negative:             3              4
2023-07-17T06:29:20.2220504Z total time :  0.6790165901184082
2023-07-17T06:29:20.2220633Z now processing:  RF
2023-07-17T06:29:20.2220744Z 7
2023-07-17T06:29:20.2220853Z preceeding:  1 fold
2023-07-17T06:29:20.2221018Z BorderlineSMOTE(k_neighbors=1, m_neighbors=2, random_state=0)
2023-07-17T06:29:20.2221179Z preceeding:  2 fold
2023-07-17T06:29:20.2221340Z BorderlineSMOTE(k_neighbors=1, m_neighbors=2, random_state=0)
2023-07-17T06:29:20.2221488Z preceeding:  3 fold
2023-07-17T06:29:20.2221643Z BorderlineSMOTE(k_neighbors=1, m_neighbors=2, random_state=0)
2023-07-17T06:29:20.2221808Z cross validation result:
2023-07-17T06:29:20.2221939Z Mean accuracy:0.83333
2023-07-17T06:29:20.2222066Z Mean f1 score:0.77778
2023-07-17T06:29:20.2222185Z confusion matrix:
2023-07-17T06:29:20.2222320Z                     true positive  true negative
2023-07-17T06:29:20.2222613Z predicted positive:             2              0
2023-07-17T06:29:20.2222762Z predicted negative:             1              4
2023-07-17T06:29:20.2222899Z total time :  2.114720106124878
2023-07-17T06:29:20.2223026Z now processing:  DTB
2023-07-17T06:29:20.2223140Z 7
2023-07-17T06:29:20.2223249Z preceeding:  1 fold
2023-07-17T06:29:20.2223412Z BorderlineSMOTE(k_neighbors=1, m_neighbors=2, random_state=0)
2023-07-17T06:29:20.2223572Z preceeding:  2 fold
2023-07-17T06:29:20.2223728Z BorderlineSMOTE(k_neighbors=1, m_neighbors=2, random_state=0)
2023-07-17T06:29:20.2223884Z preceeding:  3 fold
2023-07-17T06:29:20.2224038Z BorderlineSMOTE(k_neighbors=1, m_neighbors=2, random_state=0)
2023-07-17T06:29:20.2224195Z cross validation result:
2023-07-17T06:29:20.2224326Z Mean accuracy:0.83333
2023-07-17T06:29:20.2224446Z Mean f1 score:0.77778
2023-07-17T06:29:20.2224561Z confusion matrix:
2023-07-17T06:29:20.2224702Z                     true positive  true negative
2023-07-17T06:29:20.2224889Z predicted positive:             2              0
2023-07-17T06:29:20.2225036Z predicted negative:             1              4
2023-07-17T06:29:20.2225177Z total time :  1.2513763904571533
2023-07-17T06:29:20.2225259Z 
2023-07-17T06:29:20.2225309Z processing:  9m_temp
2023-07-17T06:29:20.2225439Z now processing:  XBG
2023-07-17T06:29:20.2225555Z 7
2023-07-17T06:29:20.2225660Z preceeding:  1 fold
2023-07-17T06:29:20.2225823Z BorderlineSMOTE(k_neighbors=1, m_neighbors=2, random_state=0)
2023-07-17T06:29:20.2225975Z preceeding:  2 fold
2023-07-17T06:29:20.2226129Z BorderlineSMOTE(k_neighbors=1, m_neighbors=2, random_state=0)
2023-07-17T06:29:20.2226285Z preceeding:  3 fold
2023-07-17T06:29:20.2226441Z BorderlineSMOTE(k_neighbors=1, m_neighbors=2, random_state=0)
2023-07-17T06:29:20.2226599Z cross validation result:
2023-07-17T06:29:20.2226728Z Mean accuracy:0.55556
2023-07-17T06:29:20.2226852Z Mean f1 score:0.35556
2023-07-17T06:29:20.2226962Z confusion matrix:
2023-07-17T06:29:20.2227100Z                     true positive  true negative
2023-07-17T06:29:20.2227253Z predicted positive:             0              0
2023-07-17T06:29:20.2227403Z predicted negative:             3              4
2023-07-17T06:29:20.2227538Z total time :  0.6625049114227295
2023-07-17T06:29:20.2227776Z now processing:  RF
2023-07-17T06:29:20.2227890Z 7
2023-07-17T06:29:20.2227996Z preceeding:  1 fold
2023-07-17T06:29:20.2228156Z BorderlineSMOTE(k_neighbors=1, m_neighbors=2, random_state=0)
2023-07-17T06:29:20.2228315Z preceeding:  2 fold
2023-07-17T06:29:20.2228471Z BorderlineSMOTE(k_neighbors=1, m_neighbors=2, random_state=0)
2023-07-17T06:29:20.2228619Z preceeding:  3 fold
2023-07-17T06:29:20.2228777Z BorderlineSMOTE(k_neighbors=1, m_neighbors=2, random_state=0)
2023-07-17T06:29:20.2228940Z cross validation result:
2023-07-17T06:29:20.2229067Z Mean accuracy:0.83333
2023-07-17T06:29:20.2229286Z Mean f1 score:0.77778
2023-07-17T06:29:20.2229398Z confusion matrix:
2023-07-17T06:29:20.2229538Z                     true positive  true negative
2023-07-17T06:29:20.2229698Z predicted positive:             2              0
2023-07-17T06:29:20.2229851Z predicted negative:             1              4
2023-07-17T06:29:20.2229988Z total time :  2.125967025756836
2023-07-17T06:29:20.2230119Z now processing:  DTB
2023-07-17T06:29:20.2230231Z 7
2023-07-17T06:29:20.2230337Z preceeding:  1 fold
2023-07-17T06:29:20.2230500Z BorderlineSMOTE(k_neighbors=1, m_neighbors=2, random_state=0)
2023-07-17T06:29:20.2230665Z preceeding:  2 fold
2023-07-17T06:29:20.2230835Z BorderlineSMOTE(k_neighbors=1, m_neighbors=2, random_state=0)
2023-07-17T06:29:20.2230995Z preceeding:  3 fold
2023-07-17T06:29:20.2231154Z BorderlineSMOTE(k_neighbors=1, m_neighbors=2, random_state=0)
2023-07-17T06:29:20.2231320Z cross validation result:
2023-07-17T06:29:20.2231452Z Mean accuracy:0.83333
2023-07-17T06:29:20.2231582Z Mean f1 score:0.77778
2023-07-17T06:29:20.2231701Z confusion matrix:
2023-07-17T06:29:20.2231839Z                     true positive  true negative
2023-07-17T06:29:20.2231999Z predicted positive:             2              0
2023-07-17T06:29:20.2232146Z predicted negative:             1              4
2023-07-17T06:29:20.2232289Z total time :  1.2611582279205322
2023-07-17T06:29:20.2232371Z 
