2023-07-17T06:30:23.6157718Z ##[group]Run cd C:\Users\oplab\Desktop\CICD_test
2023-07-17T06:30:23.6157934Z [36;1mcd C:\Users\oplab\Desktop\CICD_test[0m
2023-07-17T06:30:23.6158100Z [36;1mgit pull https://github.com/fenofista/CICD_test.git[0m
2023-07-17T06:30:23.6158237Z [36;1mcd Program[0m
2023-07-17T06:30:23.6158342Z [36;1mpython main.py[0m
2023-07-17T06:30:23.6190726Z shell: C:\Program Files (x86)\PowerShell\7\pwsh.EXE -command ". '{0}'"
2023-07-17T06:30:23.6190871Z env:
2023-07-17T06:30:23.6191027Z   pythonLocation: C:\Users\oplab\Desktop\CICD_test\actions-runner\_work\_tool\Python\3.7.9\x64
2023-07-17T06:30:23.6191192Z ##[endgroup]
2023-07-17T06:30:24.6759300Z From https://github.com/fenofista/CICD_test
2023-07-17T06:30:24.6759736Z  * branch            HEAD       -> FETCH_HEAD
2023-07-17T06:30:24.7018605Z Already up to date.
2023-07-17T06:30:25.1592195Z C:\Users\oplab\anaconda3\lib\site-packages\scipy\__init__.py:146: UserWarning: A NumPy version >=1.16.5 and <1.23.0 is required for this version of SciPy (detected version 1.24.3
2023-07-17T06:30:25.1592615Z   warnings.warn(f"A NumPy version >={np_minversion} and <{np_maxversion}"
2023-07-17T06:30:42.0025644Z main_oneTypeofResearchTarget
2023-07-17T06:30:42.0025864Z processing:  1m_temp
2023-07-17T06:30:42.0026004Z now processing:  XBG
2023-07-17T06:30:42.0026115Z 7
2023-07-17T06:30:42.0026220Z preceeding:  1 fold
2023-07-17T06:30:42.0026393Z BorderlineSMOTE(k_neighbors=1, m_neighbors=2, random_state=0)
2023-07-17T06:30:42.0028326Z preceeding:  2 fold
2023-07-17T06:30:42.0028663Z BorderlineSMOTE(k_neighbors=1, m_neighbors=2, random_state=0)
2023-07-17T06:30:42.0028953Z preceeding:  3 fold
2023-07-17T06:30:42.0029233Z BorderlineSMOTE(k_neighbors=1, m_neighbors=2, random_state=0)
2023-07-17T06:30:42.0029509Z cross validation result:
2023-07-17T06:30:42.0029805Z Mean accuracy:0.55556
2023-07-17T06:30:42.0030003Z Mean f1 score:0.35556
2023-07-17T06:30:42.0030175Z confusion matrix:
2023-07-17T06:30:42.0030412Z                     true positive  true negative
2023-07-17T06:30:42.0030669Z predicted positive:             0              0
2023-07-17T06:30:42.0030898Z predicted negative:             3              4
2023-07-17T06:30:42.0031115Z total time :  0.7289986610412598
2023-07-17T06:30:42.0031306Z now processing:  RF
2023-07-17T06:30:42.0031485Z 7
2023-07-17T06:30:42.0031596Z preceeding:  1 fold
2023-07-17T06:30:42.0031765Z BorderlineSMOTE(k_neighbors=1, m_neighbors=2, random_state=0)
2023-07-17T06:30:42.0031928Z preceeding:  2 fold
2023-07-17T06:30:42.0032092Z BorderlineSMOTE(k_neighbors=1, m_neighbors=2, random_state=0)
2023-07-17T06:30:42.0032242Z preceeding:  3 fold
2023-07-17T06:30:42.0032390Z BorderlineSMOTE(k_neighbors=1, m_neighbors=2, random_state=0)
2023-07-17T06:30:42.0032546Z cross validation result:
2023-07-17T06:30:42.0032682Z Mean accuracy:0.83333
2023-07-17T06:30:42.0032805Z Mean f1 score:0.77778
2023-07-17T06:30:42.0032921Z confusion matrix:
2023-07-17T06:30:42.0033060Z                     true positive  true negative
2023-07-17T06:30:42.0033219Z predicted positive:             2              0
2023-07-17T06:30:42.0033363Z predicted negative:             1              4
2023-07-17T06:30:42.0033508Z total time :  2.1259965896606445
2023-07-17T06:30:42.0033638Z now processing:  DTB
2023-07-17T06:30:42.0033753Z 7
2023-07-17T06:30:42.0033853Z preceeding:  1 fold
2023-07-17T06:30:42.0034015Z BorderlineSMOTE(k_neighbors=1, m_neighbors=2, random_state=0)
2023-07-17T06:30:42.0034166Z preceeding:  2 fold
2023-07-17T06:30:42.0034318Z BorderlineSMOTE(k_neighbors=1, m_neighbors=2, random_state=0)
2023-07-17T06:30:42.0034463Z preceeding:  3 fold
2023-07-17T06:30:42.0034610Z BorderlineSMOTE(k_neighbors=1, m_neighbors=2, random_state=0)
2023-07-17T06:30:42.0034755Z cross validation result:
2023-07-17T06:30:42.0035129Z Mean accuracy:0.83333
2023-07-17T06:30:42.0035248Z Mean f1 score:0.77778
2023-07-17T06:30:42.0035361Z confusion matrix:
2023-07-17T06:30:42.0035497Z                     true positive  true negative
2023-07-17T06:30:42.0037015Z predicted positive:             2              0
2023-07-17T06:30:42.0037168Z predicted negative:             1              4
2023-07-17T06:30:42.0037304Z total time :  1.2430286407470703
2023-07-17T06:30:42.0037387Z 
2023-07-17T06:30:42.0037440Z processing:  3m_temp
2023-07-17T06:30:42.0037565Z now processing:  XBG
2023-07-17T06:30:42.0037675Z 7
2023-07-17T06:30:42.0037779Z preceeding:  1 fold
2023-07-17T06:30:42.0037937Z BorderlineSMOTE(k_neighbors=1, m_neighbors=2, random_state=0)
2023-07-17T06:30:42.0038131Z preceeding:  2 fold
2023-07-17T06:30:42.0038342Z BorderlineSMOTE(k_neighbors=1, m_neighbors=2, random_state=0)
2023-07-17T06:30:42.0038488Z preceeding:  3 fold
2023-07-17T06:30:42.0038634Z BorderlineSMOTE(k_neighbors=1, m_neighbors=2, random_state=0)
2023-07-17T06:30:42.0038792Z cross validation result:
2023-07-17T06:30:42.0038916Z Mean accuracy:0.55556
2023-07-17T06:30:42.0039037Z Mean f1 score:0.35556
2023-07-17T06:30:42.0039150Z confusion matrix:
2023-07-17T06:30:42.0039291Z                     true positive  true negative
2023-07-17T06:30:42.0039443Z predicted positive:             0              0
2023-07-17T06:30:42.0039587Z predicted negative:             3              4
2023-07-17T06:30:42.0039723Z total time :  0.6745083332061768
2023-07-17T06:30:42.0039848Z now processing:  RF
2023-07-17T06:30:42.0039954Z 7
2023-07-17T06:30:42.0040055Z preceeding:  1 fold
2023-07-17T06:30:42.0040213Z BorderlineSMOTE(k_neighbors=1, m_neighbors=2, random_state=0)
2023-07-17T06:30:42.0040363Z preceeding:  2 fold
2023-07-17T06:30:42.0040513Z BorderlineSMOTE(k_neighbors=1, m_neighbors=2, random_state=0)
2023-07-17T06:30:42.0040660Z preceeding:  3 fold
2023-07-17T06:30:42.0040807Z BorderlineSMOTE(k_neighbors=1, m_neighbors=2, random_state=0)
2023-07-17T06:30:42.0040987Z cross validation result:
2023-07-17T06:30:42.0041113Z Mean accuracy:0.83333
2023-07-17T06:30:42.0041230Z Mean f1 score:0.77778
2023-07-17T06:30:42.0041338Z confusion matrix:
2023-07-17T06:30:42.0041473Z                     true positive  true negative
2023-07-17T06:30:42.0041622Z predicted positive:             2              0
2023-07-17T06:30:42.0041765Z predicted negative:             1              4
2023-07-17T06:30:42.0041906Z total time :  2.1331167221069336
2023-07-17T06:30:42.0042031Z now processing:  DTB
2023-07-17T06:30:42.0042137Z 7
2023-07-17T06:30:42.0042238Z preceeding:  1 fold
2023-07-17T06:30:42.0042396Z BorderlineSMOTE(k_neighbors=1, m_neighbors=2, random_state=0)
2023-07-17T06:30:42.0042548Z preceeding:  2 fold
2023-07-17T06:30:42.0042698Z BorderlineSMOTE(k_neighbors=1, m_neighbors=2, random_state=0)
2023-07-17T06:30:42.0042845Z preceeding:  3 fold
2023-07-17T06:30:42.0043017Z BorderlineSMOTE(k_neighbors=1, m_neighbors=2, random_state=0)
2023-07-17T06:30:42.0043185Z cross validation result:
2023-07-17T06:30:42.0043313Z Mean accuracy:0.83333
2023-07-17T06:30:42.0043433Z Mean f1 score:0.77778
2023-07-17T06:30:42.0043546Z confusion matrix:
2023-07-17T06:30:42.0043683Z                     true positive  true negative
2023-07-17T06:30:42.0043842Z predicted positive:             2              0
2023-07-17T06:30:42.0043986Z predicted negative:             1              4
2023-07-17T06:30:42.0044123Z total time :  1.242138385772705
2023-07-17T06:30:42.0044203Z 
2023-07-17T06:30:42.0044255Z processing:  6m_temp
2023-07-17T06:30:42.0044378Z now processing:  XBG
2023-07-17T06:30:42.0044486Z 7
2023-07-17T06:30:42.0044590Z preceeding:  1 fold
2023-07-17T06:30:42.0044751Z BorderlineSMOTE(k_neighbors=1, m_neighbors=2, random_state=0)
2023-07-17T06:30:42.0044905Z preceeding:  2 fold
2023-07-17T06:30:42.0045055Z BorderlineSMOTE(k_neighbors=1, m_neighbors=2, random_state=0)
2023-07-17T06:30:42.0045200Z preceeding:  3 fold
2023-07-17T06:30:42.0045504Z BorderlineSMOTE(k_neighbors=1, m_neighbors=2, random_state=0)
2023-07-17T06:30:42.0045662Z cross validation result:
2023-07-17T06:30:42.0045789Z Mean accuracy:0.55556
2023-07-17T06:30:42.0045908Z Mean f1 score:0.35556
2023-07-17T06:30:42.0046543Z confusion matrix:
2023-07-17T06:30:42.0046678Z                     true positive  true negative
2023-07-17T06:30:42.0046834Z predicted positive:             0              0
2023-07-17T06:30:42.0046977Z predicted negative:             3              4
2023-07-17T06:30:42.0047114Z total time :  0.6815264225006104
2023-07-17T06:30:42.0047241Z now processing:  RF
2023-07-17T06:30:42.0047348Z 7
2023-07-17T06:30:42.0047446Z preceeding:  1 fold
2023-07-17T06:30:42.0047601Z BorderlineSMOTE(k_neighbors=1, m_neighbors=2, random_state=0)
2023-07-17T06:30:42.0047751Z preceeding:  2 fold
2023-07-17T06:30:42.0047900Z BorderlineSMOTE(k_neighbors=1, m_neighbors=2, random_state=0)
2023-07-17T06:30:42.0048049Z preceeding:  3 fold
2023-07-17T06:30:42.0048227Z BorderlineSMOTE(k_neighbors=1, m_neighbors=2, random_state=0)
2023-07-17T06:30:42.0048379Z cross validation result:
2023-07-17T06:30:42.0048505Z Mean accuracy:0.83333
2023-07-17T06:30:42.0048624Z Mean f1 score:0.77778
2023-07-17T06:30:42.0048738Z confusion matrix:
2023-07-17T06:30:42.0048870Z                     true positive  true negative
2023-07-17T06:30:42.0049157Z predicted positive:             2              0
2023-07-17T06:30:42.0049303Z predicted negative:             1              4
2023-07-17T06:30:42.0049438Z total time :  2.1046557426452637
2023-07-17T06:30:42.0049560Z now processing:  DTB
2023-07-17T06:30:42.0049674Z 7
2023-07-17T06:30:42.0049775Z preceeding:  1 fold
2023-07-17T06:30:42.0049931Z BorderlineSMOTE(k_neighbors=1, m_neighbors=2, random_state=0)
2023-07-17T06:30:42.0050085Z preceeding:  2 fold
2023-07-17T06:30:42.0050235Z BorderlineSMOTE(k_neighbors=1, m_neighbors=2, random_state=0)
2023-07-17T06:30:42.0050379Z preceeding:  3 fold
2023-07-17T06:30:42.0050538Z BorderlineSMOTE(k_neighbors=1, m_neighbors=2, random_state=0)
2023-07-17T06:30:42.0050696Z cross validation result:
2023-07-17T06:30:42.0050824Z Mean accuracy:0.83333
2023-07-17T06:30:42.0050945Z Mean f1 score:0.77778
2023-07-17T06:30:42.0051058Z confusion matrix:
2023-07-17T06:30:42.0051194Z                     true positive  true negative
2023-07-17T06:30:42.0051343Z predicted positive:             2              0
2023-07-17T06:30:42.0051487Z predicted negative:             1              4
2023-07-17T06:30:42.0051622Z total time :  1.2360355854034424
2023-07-17T06:30:42.0051700Z 
2023-07-17T06:30:42.0051754Z processing:  9m_temp
2023-07-17T06:30:42.0051876Z now processing:  XBG
2023-07-17T06:30:42.0051982Z 7
2023-07-17T06:30:42.0052086Z preceeding:  1 fold
2023-07-17T06:30:42.0052243Z BorderlineSMOTE(k_neighbors=1, m_neighbors=2, random_state=0)
2023-07-17T06:30:42.0052391Z preceeding:  2 fold
2023-07-17T06:30:42.0052540Z BorderlineSMOTE(k_neighbors=1, m_neighbors=2, random_state=0)
2023-07-17T06:30:42.0052682Z preceeding:  3 fold
2023-07-17T06:30:42.0052837Z BorderlineSMOTE(k_neighbors=1, m_neighbors=2, random_state=0)
2023-07-17T06:30:42.0052998Z cross validation result:
2023-07-17T06:30:42.0053122Z Mean accuracy:0.55556
2023-07-17T06:30:42.0053245Z Mean f1 score:0.35556
2023-07-17T06:30:42.0053360Z confusion matrix:
2023-07-17T06:30:42.0053491Z                     true positive  true negative
2023-07-17T06:30:42.0053642Z predicted positive:             0              0
2023-07-17T06:30:42.0053785Z predicted negative:             3              4
2023-07-17T06:30:42.0053917Z total time :  0.6680161952972412
2023-07-17T06:30:42.0054041Z now processing:  RF
2023-07-17T06:30:42.0054147Z 7
2023-07-17T06:30:42.0054248Z preceeding:  1 fold
2023-07-17T06:30:42.0054403Z BorderlineSMOTE(k_neighbors=1, m_neighbors=2, random_state=0)
2023-07-17T06:30:42.0054551Z preceeding:  2 fold
2023-07-17T06:30:42.0054702Z BorderlineSMOTE(k_neighbors=1, m_neighbors=2, random_state=0)
2023-07-17T06:30:42.0054988Z preceeding:  3 fold
2023-07-17T06:30:42.0055134Z BorderlineSMOTE(k_neighbors=1, m_neighbors=2, random_state=0)
2023-07-17T06:30:42.0055283Z cross validation result:
2023-07-17T06:30:42.0055406Z Mean accuracy:0.83333
2023-07-17T06:30:42.0055632Z Mean f1 score:0.77778
2023-07-17T06:30:42.0055744Z confusion matrix:
2023-07-17T06:30:42.0055878Z                     true positive  true negative
2023-07-17T06:30:42.0056018Z predicted positive:             2              0
2023-07-17T06:30:42.0056159Z predicted negative:             1              4
2023-07-17T06:30:42.0056292Z total time :  2.117382764816284
2023-07-17T06:30:42.0056419Z now processing:  DTB
2023-07-17T06:30:42.0056534Z 7
2023-07-17T06:30:42.0056639Z preceeding:  1 fold
2023-07-17T06:30:42.0056789Z BorderlineSMOTE(k_neighbors=1, m_neighbors=2, random_state=0)
2023-07-17T06:30:42.0056935Z preceeding:  2 fold
2023-07-17T06:30:42.0057085Z BorderlineSMOTE(k_neighbors=1, m_neighbors=2, random_state=0)
2023-07-17T06:30:42.0057228Z preceeding:  3 fold
2023-07-17T06:30:42.0057378Z BorderlineSMOTE(k_neighbors=1, m_neighbors=2, random_state=0)
2023-07-17T06:30:42.0057523Z cross validation result:
2023-07-17T06:30:42.0057647Z Mean accuracy:0.83333
2023-07-17T06:30:42.0057765Z Mean f1 score:0.77778
2023-07-17T06:30:42.0057877Z confusion matrix:
2023-07-17T06:30:42.0058010Z                     true positive  true negative
2023-07-17T06:30:42.0058178Z predicted positive:             2              0
2023-07-17T06:30:42.0058317Z predicted negative:             1              4
2023-07-17T06:30:42.0058449Z total time :  1.2580218315124512
2023-07-17T06:30:42.0058527Z 
