[2023-07-17 06:14:04Z INFO HostContext] No proxy settings were found based on environmental variables (http_proxy/https_proxy/HTTP_PROXY/HTTPS_PROXY)
[2023-07-17 06:14:04Z INFO HostContext] Well known directory 'Bin': 'C:\Users\oplab\Desktop\CICD_test\actions-runner\bin'
[2023-07-17 06:14:04Z INFO HostContext] Well known directory 'Root': 'C:\Users\oplab\Desktop\CICD_test\actions-runner'
[2023-07-17 06:14:04Z INFO HostContext] Well known config file 'Credentials': 'C:\Users\oplab\Desktop\CICD_test\actions-runner\.credentials'
[2023-07-17 06:14:04Z INFO HostContext] Well known directory 'Bin': 'C:\Users\oplab\Desktop\CICD_test\actions-runner\bin'
[2023-07-17 06:14:04Z INFO HostContext] Well known directory 'Root': 'C:\Users\oplab\Desktop\CICD_test\actions-runner'
[2023-07-17 06:14:04Z INFO HostContext] Well known config file 'Runner': 'C:\Users\oplab\Desktop\CICD_test\actions-runner\.runner'
[2023-07-17 06:14:04Z INFO Listener] Runner is built for Windows (X64) - win-x64.
[2023-07-17 06:14:04Z INFO Listener] RuntimeInformation: Microsoft Windows 10.0.19045.
[2023-07-17 06:14:04Z INFO Listener] Version: 2.306.0
[2023-07-17 06:14:04Z INFO Listener] Commit: da6dfe9110e494c9c0f375d9d0e1deff824b1e50
[2023-07-17 06:14:04Z INFO Listener] Culture: zh-TW
[2023-07-17 06:14:04Z INFO Listener] UI Culture: zh-TW
[2023-07-17 06:14:04Z INFO HostContext] Well known directory 'Bin': 'C:\Users\oplab\Desktop\CICD_test\actions-runner\bin'
[2023-07-17 06:14:04Z INFO HostContext] Well known directory 'Root': 'C:\Users\oplab\Desktop\CICD_test\actions-runner'
[2023-07-17 06:14:04Z INFO Listener] Validating directory permissions for: 'C:\Users\oplab\Desktop\CICD_test\actions-runner'
[2023-07-17 06:14:04Z INFO CommandLineParser] Parse
[2023-07-17 06:14:04Z INFO CommandLineParser] Parsing 5 args
[2023-07-17 06:14:04Z INFO CommandLineParser] parsing argument
[2023-07-17 06:14:04Z INFO CommandLineParser] HasArgs: False
[2023-07-17 06:14:04Z INFO CommandLineParser] Adding Command: configure
[2023-07-17 06:14:04Z INFO CommandLineParser] parsing argument
[2023-07-17 06:14:04Z INFO CommandLineParser] HasArgs: True
[2023-07-17 06:14:04Z INFO CommandLineParser] arg: url
[2023-07-17 06:14:04Z INFO CommandLineParser] parsing argument
[2023-07-17 06:14:04Z INFO CommandLineParser] HasArgs: True
[2023-07-17 06:14:04Z INFO CommandLineParser] Adding option 'url': 'https://github.com/fenofista/CICD_test'
[2023-07-17 06:14:04Z INFO CommandLineParser] parsing argument
[2023-07-17 06:14:04Z INFO CommandLineParser] HasArgs: True
[2023-07-17 06:14:04Z INFO CommandLineParser] arg: token
[2023-07-17 06:14:04Z INFO CommandLineParser] parsing argument
[2023-07-17 06:14:04Z INFO CommandLineParser] HasArgs: True
[2023-07-17 06:14:04Z INFO CommandLineParser] Adding option 'token': '***'
[2023-07-17 06:14:04Z INFO Listener] Arguments parsed
[2023-07-17 06:14:04Z INFO Runner] ExecuteCommand
[2023-07-17 06:14:04Z INFO ConfigurationStore] currentAssemblyLocation: C:\Users\oplab\Desktop\CICD_test\actions-runner\bin\Runner.Listener.dll
[2023-07-17 06:14:04Z INFO HostContext] Well known directory 'Bin': 'C:\Users\oplab\Desktop\CICD_test\actions-runner\bin'
[2023-07-17 06:14:04Z INFO ConfigurationStore] binPath: C:\Users\oplab\Desktop\CICD_test\actions-runner\bin
[2023-07-17 06:14:04Z INFO HostContext] Well known directory 'Bin': 'C:\Users\oplab\Desktop\CICD_test\actions-runner\bin'
[2023-07-17 06:14:04Z INFO HostContext] Well known directory 'Root': 'C:\Users\oplab\Desktop\CICD_test\actions-runner'
[2023-07-17 06:14:04Z INFO ConfigurationStore] RootFolder: C:\Users\oplab\Desktop\CICD_test\actions-runner
[2023-07-17 06:14:04Z INFO HostContext] Well known directory 'Bin': 'C:\Users\oplab\Desktop\CICD_test\actions-runner\bin'
[2023-07-17 06:14:04Z INFO HostContext] Well known directory 'Root': 'C:\Users\oplab\Desktop\CICD_test\actions-runner'
[2023-07-17 06:14:04Z INFO HostContext] Well known config file 'Runner': 'C:\Users\oplab\Desktop\CICD_test\actions-runner\.runner'
[2023-07-17 06:14:04Z INFO ConfigurationStore] ConfigFilePath: C:\Users\oplab\Desktop\CICD_test\actions-runner\.runner
[2023-07-17 06:14:04Z INFO HostContext] Well known directory 'Bin': 'C:\Users\oplab\Desktop\CICD_test\actions-runner\bin'
[2023-07-17 06:14:04Z INFO HostContext] Well known directory 'Root': 'C:\Users\oplab\Desktop\CICD_test\actions-runner'
[2023-07-17 06:14:04Z INFO HostContext] Well known config file 'Credentials': 'C:\Users\oplab\Desktop\CICD_test\actions-runner\.credentials'
[2023-07-17 06:14:04Z INFO ConfigurationStore] CredFilePath: C:\Users\oplab\Desktop\CICD_test\actions-runner\.credentials
[2023-07-17 06:14:04Z INFO HostContext] Well known directory 'Bin': 'C:\Users\oplab\Desktop\CICD_test\actions-runner\bin'
[2023-07-17 06:14:04Z INFO HostContext] Well known directory 'Root': 'C:\Users\oplab\Desktop\CICD_test\actions-runner'
[2023-07-17 06:14:04Z INFO HostContext] Well known config file 'MigratedCredentials': 'C:\Users\oplab\Desktop\CICD_test\actions-runner\.credentials_migrated'
[2023-07-17 06:14:04Z INFO ConfigurationStore] MigratedCredFilePath: C:\Users\oplab\Desktop\CICD_test\actions-runner\.credentials_migrated
[2023-07-17 06:14:04Z INFO HostContext] Well known directory 'Bin': 'C:\Users\oplab\Desktop\CICD_test\actions-runner\bin'
[2023-07-17 06:14:04Z INFO HostContext] Well known directory 'Root': 'C:\Users\oplab\Desktop\CICD_test\actions-runner'
[2023-07-17 06:14:04Z INFO HostContext] Well known config file 'Service': 'C:\Users\oplab\Desktop\CICD_test\actions-runner\.service'
[2023-07-17 06:14:04Z INFO ConfigurationStore] ServiceConfigFilePath: C:\Users\oplab\Desktop\CICD_test\actions-runner\.service
[2023-07-17 06:14:04Z INFO CommandSettings] Flag 'help': 'False'
[2023-07-17 06:14:04Z INFO CommandSettings] Flag 'version': 'False'
[2023-07-17 06:14:04Z INFO CommandSettings] Flag 'commit': 'False'
[2023-07-17 06:14:04Z INFO CommandSettings] Flag 'check': 'False'
[2023-07-17 06:14:04Z INFO CommandSettings] Command 'configure': 'True'
[2023-07-17 06:14:04Z INFO Terminal] WRITE LINE: 
[2023-07-17 06:14:04Z INFO Terminal] WRITE LINE: --------------------------------------------------------------------------------
[2023-07-17 06:14:04Z INFO Terminal] WRITE LINE: |        ____ _ _   _   _       _          _        _   _                      |
[2023-07-17 06:14:04Z INFO Terminal] WRITE LINE: |       / ___(_) |_| | | |_   _| |__      / \   ___| |_(_) ___  _ __  ___      |
[2023-07-17 06:14:04Z INFO Terminal] WRITE LINE: |      | |  _| | __| |_| | | | | '_ \    / _ \ / __| __| |/ _ \| '_ \/ __|     |
[2023-07-17 06:14:04Z INFO Terminal] WRITE LINE: |      | |_| | | |_|  _  | |_| | |_) |  / ___ \ (__| |_| | (_) | | | \__ \     |
[2023-07-17 06:14:04Z INFO Terminal] WRITE LINE: |       \____|_|\__|_| |_|\__,_|_.__/  /_/   \_\___|\__|_|\___/|_| |_|___/     |
[2023-07-17 06:14:04Z INFO Terminal] WRITE LINE: |                                                                              |
[2023-07-17 06:14:04Z INFO Terminal] WRITE: |                       
[2023-07-17 06:14:04Z INFO Terminal] WRITE: Self-hosted runner registration
[2023-07-17 06:14:04Z INFO Terminal] WRITE LINE:                         |
[2023-07-17 06:14:04Z INFO Terminal] WRITE LINE: |                                                                              |
[2023-07-17 06:14:04Z INFO Terminal] WRITE LINE: --------------------------------------------------------------------------------
[2023-07-17 06:14:04Z INFO ConfigurationManager] ConfigureAsync
[2023-07-17 06:14:04Z INFO CommandSettings] Flag 'generateServiceConfig': 'False'
[2023-07-17 06:14:04Z INFO ConfigurationStore] IsConfigured()
[2023-07-17 06:14:04Z INFO ConfigurationStore] IsConfigured: False
[2023-07-17 06:14:04Z INFO ConfigurationManager] Is configured: False
[2023-07-17 06:14:04Z INFO CommandSettings] Arg 'url': 'https://github.com/fenofista/CICD_test'
[2023-07-17 06:14:04Z INFO CommandSettings] Remove url from Arg dictionary.
[2023-07-17 06:14:04Z INFO CommandSettings] Arg 'token': '***'
[2023-07-17 06:14:04Z INFO CommandSettings] Remove token from Arg dictionary.
[2023-07-17 06:14:05Z INFO ConfigurationManager] Http response code: OK from 'POST https://api.github.com/actions/runner-registration' (F82E:27EF:BB556B:C987CF:64B4DC2D)
[2023-07-17 06:14:05Z INFO ConfigurationManager] Using V2 flow: False
[2023-07-17 06:14:05Z INFO ConfigurationManager] cred retrieved via GitHub auth
[2023-07-17 06:14:05Z INFO RunnerServer] EstablishVssConnection
[2023-07-17 06:14:05Z INFO RunnerServer] Establish connection with 100 seconds timeout.
[2023-07-17 06:14:05Z INFO GitHubActionsService] Starting operation Location.GetConnectionData
[2023-07-17 06:14:05Z INFO RunnerServer] EstablishVssConnection
[2023-07-17 06:14:05Z INFO RunnerServer] Establish connection with 60 seconds timeout.
[2023-07-17 06:14:05Z INFO GitHubActionsService] Starting operation Location.GetConnectionData
[2023-07-17 06:14:05Z INFO RunnerServer] EstablishVssConnection
[2023-07-17 06:14:05Z INFO RunnerServer] Establish connection with 60 seconds timeout.
[2023-07-17 06:14:05Z INFO GitHubActionsService] Starting operation Location.GetConnectionData
[2023-07-17 06:14:06Z INFO GitHubActionsService] Finished operation Location.GetConnectionData
[2023-07-17 06:14:06Z INFO GitHubActionsService] Finished operation Location.GetConnectionData
[2023-07-17 06:14:07Z INFO GitHubActionsService] Finished operation Location.GetConnectionData
[2023-07-17 06:14:07Z INFO Terminal] WRITE LINE: 
[2023-07-17 06:14:07Z INFO ConfigurationManager] Test Connection complete.
[2023-07-17 06:14:07Z INFO HostContext] Well known directory 'Bin': 'C:\Users\oplab\Desktop\CICD_test\actions-runner\bin'
[2023-07-17 06:14:07Z INFO HostContext] Well known directory 'Root': 'C:\Users\oplab\Desktop\CICD_test\actions-runner'
[2023-07-17 06:14:07Z INFO HostContext] Well known config file 'RSACredentials': 'C:\Users\oplab\Desktop\CICD_test\actions-runner\.credentials_rsaparams'
[2023-07-17 06:14:07Z INFO RSAEncryptedFileKeyManager] Creating new RSA key using 2048-bit key length
[2023-07-17 06:14:07Z INFO RSAEncryptedFileKeyManager] Successfully saved RSA key parameters to file C:\Users\oplab\Desktop\CICD_test\actions-runner\.credentials_rsaparams
[2023-07-17 06:14:07Z INFO CommandSettings] Arg 'runnergroup': ''
[2023-07-17 06:14:07Z INFO CommandSettings] Flag 'unattended': 'False'
[2023-07-17 06:14:07Z INFO PromptManager] ReadValue
[2023-07-17 06:14:07Z INFO Terminal] WRITE: Enter the name of the runner group to add this runner to: 
[2023-07-17 06:14:07Z INFO Terminal] WRITE: [press Enter for Default] 
[2023-07-17 06:14:07Z INFO Terminal] READ LINE
[2023-07-17 06:14:08Z INFO Terminal] Read value: ''
[2023-07-17 06:14:08Z INFO PromptManager] Falling back to the default: 'Default'
[2023-07-17 06:14:08Z INFO Terminal] WRITE LINE: 
[2023-07-17 06:14:08Z INFO ConfigurationManager] Found a self-hosted runner group with id 1 and name Default
[2023-07-17 06:14:08Z INFO CommandSettings] Flag 'disableupdate': 'False'
[2023-07-17 06:14:08Z INFO CommandSettings] Flag 'ephemeral': 'False'
[2023-07-17 06:14:08Z INFO CommandSettings] Arg 'name': ''
[2023-07-17 06:14:08Z INFO CommandSettings] Flag 'unattended': 'False'
[2023-07-17 06:14:08Z INFO PromptManager] ReadValue
[2023-07-17 06:14:08Z INFO Terminal] WRITE: Enter the name of runner: 
[2023-07-17 06:14:08Z INFO Terminal] WRITE: [press Enter for DESKTOP-KP98A9A] 
[2023-07-17 06:14:08Z INFO Terminal] READ LINE
[2023-07-17 06:14:09Z INFO Terminal] Read value: ''
[2023-07-17 06:14:09Z INFO PromptManager] Falling back to the default: 'DESKTOP-KP98A9A'
[2023-07-17 06:14:09Z INFO Terminal] WRITE LINE: 
[2023-07-17 06:14:09Z INFO CommandSettings] Arg 'labels': ''
[2023-07-17 06:14:09Z INFO CommandSettings] Flag 'unattended': 'False'
[2023-07-17 06:14:09Z INFO PromptManager] ReadValue
[2023-07-17 06:14:09Z INFO Terminal] WRITE: This runner will have the following labels: 'self-hosted', 'Windows', 'X64' 
Enter any additional labels (ex. label-1,label-2): 
[2023-07-17 06:14:09Z INFO Terminal] WRITE: [press Enter to skip] 
[2023-07-17 06:14:09Z INFO Terminal] READ LINE
[2023-07-17 06:14:10Z INFO Terminal] Read value: ''
[2023-07-17 06:14:10Z INFO Terminal] WRITE LINE: 
[2023-07-17 06:14:10Z INFO Terminal] WRITE LINE: A runner exists with the same name
[2023-07-17 06:14:10Z INFO CommandSettings] Flag 'replace': 'False'
[2023-07-17 06:14:10Z INFO CommandSettings] Flag 'unattended': 'False'
[2023-07-17 06:14:10Z INFO PromptManager] ReadValue
[2023-07-17 06:14:10Z INFO Terminal] WRITE: Would you like to replace the existing runner? (Y/N) 
[2023-07-17 06:14:10Z INFO Terminal] WRITE: [press Enter for N] 
[2023-07-17 06:14:10Z INFO Terminal] READ LINE
[2023-07-17 06:14:11Z INFO Terminal] Read value: ''
[2023-07-17 06:14:11Z INFO PromptManager] Falling back to the default: 'N'
[2023-07-17 06:14:11Z INFO CommandSettings] Flag 'unattended': 'False'
[2023-07-17 06:14:11Z INFO CommandSettings] Flag 'disableupdate': 'False'
[2023-07-17 06:14:11Z INFO CommandSettings] Flag 'ephemeral': 'False'
[2023-07-17 06:14:11Z INFO CommandSettings] Arg 'name': ''
[2023-07-17 06:14:11Z INFO CommandSettings] Flag 'unattended': 'False'
[2023-07-17 06:14:11Z INFO PromptManager] ReadValue
[2023-07-17 06:14:11Z INFO Terminal] WRITE: Enter the name of runner: 
[2023-07-17 06:14:11Z INFO Terminal] WRITE: [press Enter for DESKTOP-KP98A9A] 
[2023-07-17 06:14:11Z INFO Terminal] READ LINE
[2023-07-17 06:14:12Z INFO Terminal] Read value: ''
[2023-07-17 06:14:12Z INFO PromptManager] Falling back to the default: 'DESKTOP-KP98A9A'
[2023-07-17 06:14:12Z INFO Terminal] WRITE LINE: 
[2023-07-17 06:14:12Z INFO CommandSettings] Arg 'labels': ''
[2023-07-17 06:14:12Z INFO CommandSettings] Flag 'unattended': 'False'
[2023-07-17 06:14:12Z INFO PromptManager] ReadValue
[2023-07-17 06:14:12Z INFO Terminal] WRITE: This runner will have the following labels: 'self-hosted', 'Windows', 'X64' 
Enter any additional labels (ex. label-1,label-2): 
[2023-07-17 06:14:12Z INFO Terminal] WRITE: [press Enter to skip] 
[2023-07-17 06:14:12Z INFO Terminal] READ LINE
[2023-07-17 06:14:13Z INFO Terminal] Read value: ''
[2023-07-17 06:14:13Z INFO Terminal] WRITE LINE: 
[2023-07-17 06:14:13Z INFO Terminal] WRITE LINE: A runner exists with the same name
[2023-07-17 06:14:13Z INFO CommandSettings] Flag 'replace': 'False'
[2023-07-17 06:14:13Z INFO CommandSettings] Flag 'unattended': 'False'
[2023-07-17 06:14:13Z INFO PromptManager] ReadValue
[2023-07-17 06:14:13Z INFO Terminal] WRITE: Would you like to replace the existing runner? (Y/N) 
[2023-07-17 06:14:13Z INFO Terminal] WRITE: [press Enter for N] 
[2023-07-17 06:14:13Z INFO Terminal] READ LINE
[2023-07-17 06:14:14Z INFO Terminal] Read value: ''
[2023-07-17 06:14:14Z INFO PromptManager] Falling back to the default: 'N'
[2023-07-17 06:14:14Z INFO CommandSettings] Flag 'unattended': 'False'
[2023-07-17 06:14:14Z INFO CommandSettings] Flag 'disableupdate': 'False'
[2023-07-17 06:14:14Z INFO CommandSettings] Flag 'ephemeral': 'False'
[2023-07-17 06:14:14Z INFO CommandSettings] Arg 'name': ''
[2023-07-17 06:14:14Z INFO CommandSettings] Flag 'unattended': 'False'
[2023-07-17 06:14:14Z INFO PromptManager] ReadValue
[2023-07-17 06:14:14Z INFO Terminal] WRITE: Enter the name of runner: 
[2023-07-17 06:14:14Z INFO Terminal] WRITE: [press Enter for DESKTOP-KP98A9A] 
[2023-07-17 06:14:14Z INFO Terminal] READ LINE
[2023-07-17 06:14:16Z INFO Terminal] Read value: ''
[2023-07-17 06:14:16Z INFO PromptManager] Falling back to the default: 'DESKTOP-KP98A9A'
[2023-07-17 06:14:16Z INFO Terminal] WRITE LINE: 
[2023-07-17 06:14:16Z INFO CommandSettings] Arg 'labels': ''
[2023-07-17 06:14:16Z INFO CommandSettings] Flag 'unattended': 'False'
[2023-07-17 06:14:16Z INFO PromptManager] ReadValue
[2023-07-17 06:14:16Z INFO Terminal] WRITE: This runner will have the following labels: 'self-hosted', 'Windows', 'X64' 
Enter any additional labels (ex. label-1,label-2): 
[2023-07-17 06:14:16Z INFO Terminal] WRITE: [press Enter to skip] 
[2023-07-17 06:14:16Z INFO Terminal] READ LINE
[2023-07-17 06:14:24Z INFO Terminal] Read value: ''
[2023-07-17 06:14:24Z INFO Terminal] WRITE LINE: 
[2023-07-17 06:14:24Z INFO Terminal] WRITE LINE: A runner exists with the same name
[2023-07-17 06:14:24Z INFO CommandSettings] Flag 'replace': 'False'
[2023-07-17 06:14:24Z INFO CommandSettings] Flag 'unattended': 'False'
[2023-07-17 06:14:24Z INFO PromptManager] ReadValue
[2023-07-17 06:14:24Z INFO Terminal] WRITE: Would you like to replace the existing runner? (Y/N) 
[2023-07-17 06:14:24Z INFO Terminal] WRITE: [press Enter for N] 
[2023-07-17 06:14:24Z INFO Terminal] READ LINE
[2023-07-17 06:14:25Z INFO Terminal] Read value: ''
[2023-07-17 06:14:25Z INFO PromptManager] Falling back to the default: 'N'
[2023-07-17 06:14:25Z INFO CommandSettings] Flag 'unattended': 'False'
[2023-07-17 06:14:25Z INFO CommandSettings] Flag 'disableupdate': 'False'
[2023-07-17 06:14:25Z INFO CommandSettings] Flag 'ephemeral': 'False'
[2023-07-17 06:14:25Z INFO CommandSettings] Arg 'name': ''
[2023-07-17 06:14:25Z INFO CommandSettings] Flag 'unattended': 'False'
[2023-07-17 06:14:25Z INFO PromptManager] ReadValue
[2023-07-17 06:14:25Z INFO Terminal] WRITE: Enter the name of runner: 
[2023-07-17 06:14:25Z INFO Terminal] WRITE: [press Enter for DESKTOP-KP98A9A] 
[2023-07-17 06:14:25Z INFO Terminal] READ LINE
[2023-07-17 06:14:27Z INFO Terminal] Read value: ''
[2023-07-17 06:14:27Z INFO PromptManager] Falling back to the default: 'DESKTOP-KP98A9A'
[2023-07-17 06:14:27Z INFO Terminal] WRITE LINE: 
[2023-07-17 06:14:27Z INFO CommandSettings] Arg 'labels': ''
[2023-07-17 06:14:27Z INFO CommandSettings] Flag 'unattended': 'False'
[2023-07-17 06:14:27Z INFO PromptManager] ReadValue
[2023-07-17 06:14:27Z INFO Terminal] WRITE: This runner will have the following labels: 'self-hosted', 'Windows', 'X64' 
Enter any additional labels (ex. label-1,label-2): 
[2023-07-17 06:14:27Z INFO Terminal] WRITE: [press Enter to skip] 
[2023-07-17 06:14:27Z INFO Terminal] READ LINE
[2023-07-17 06:14:27Z INFO Terminal] Read value: ''
[2023-07-17 06:14:27Z INFO Terminal] WRITE LINE: 
[2023-07-17 06:14:28Z INFO Terminal] WRITE LINE: A runner exists with the same name
[2023-07-17 06:14:28Z INFO CommandSettings] Flag 'replace': 'False'
[2023-07-17 06:14:28Z INFO CommandSettings] Flag 'unattended': 'False'
[2023-07-17 06:14:28Z INFO PromptManager] ReadValue
[2023-07-17 06:14:28Z INFO Terminal] WRITE: Would you like to replace the existing runner? (Y/N) 
[2023-07-17 06:14:28Z INFO Terminal] WRITE: [press Enter for N] 
[2023-07-17 06:14:28Z INFO Terminal] READ LINE
[2023-07-17 06:14:28Z INFO Terminal] Read value: ''
[2023-07-17 06:14:28Z INFO PromptManager] Falling back to the default: 'N'
[2023-07-17 06:14:28Z INFO CommandSettings] Flag 'unattended': 'False'
[2023-07-17 06:14:28Z INFO CommandSettings] Flag 'disableupdate': 'False'
[2023-07-17 06:14:28Z INFO CommandSettings] Flag 'ephemeral': 'False'
[2023-07-17 06:14:28Z INFO CommandSettings] Arg 'name': ''
[2023-07-17 06:14:28Z INFO CommandSettings] Flag 'unattended': 'False'
[2023-07-17 06:14:28Z INFO PromptManager] ReadValue
[2023-07-17 06:14:28Z INFO Terminal] WRITE: Enter the name of runner: 
[2023-07-17 06:14:28Z INFO Terminal] WRITE: [press Enter for DESKTOP-KP98A9A] 
[2023-07-17 06:14:28Z INFO Terminal] READ LINE
[2023-07-17 06:14:29Z INFO Terminal] Read value: ''
[2023-07-17 06:14:29Z INFO PromptManager] Falling back to the default: 'DESKTOP-KP98A9A'
[2023-07-17 06:14:29Z INFO Terminal] WRITE LINE: 
[2023-07-17 06:14:29Z INFO CommandSettings] Arg 'labels': ''
[2023-07-17 06:14:29Z INFO CommandSettings] Flag 'unattended': 'False'
[2023-07-17 06:14:29Z INFO PromptManager] ReadValue
[2023-07-17 06:14:29Z INFO Terminal] WRITE: This runner will have the following labels: 'self-hosted', 'Windows', 'X64' 
Enter any additional labels (ex. label-1,label-2): 
[2023-07-17 06:14:29Z INFO Terminal] WRITE: [press Enter to skip] 
[2023-07-17 06:14:29Z INFO Terminal] READ LINE
[2023-07-17 06:14:31Z INFO Terminal] Read value: ''
[2023-07-17 06:14:31Z INFO Terminal] WRITE LINE: 
[2023-07-17 06:14:31Z INFO Terminal] WRITE LINE: A runner exists with the same name
[2023-07-17 06:14:31Z INFO CommandSettings] Flag 'replace': 'False'
[2023-07-17 06:14:31Z INFO CommandSettings] Flag 'unattended': 'False'
[2023-07-17 06:14:31Z INFO PromptManager] ReadValue
[2023-07-17 06:14:31Z INFO Terminal] WRITE: Would you like to replace the existing runner? (Y/N) 
[2023-07-17 06:14:31Z INFO Terminal] WRITE: [press Enter for N] 
[2023-07-17 06:14:31Z INFO Terminal] READ LINE
[2023-07-17 06:14:32Z INFO Terminal] Read value: ''
[2023-07-17 06:14:32Z INFO PromptManager] Falling back to the default: 'N'
[2023-07-17 06:14:32Z INFO CommandSettings] Flag 'unattended': 'False'
[2023-07-17 06:14:32Z INFO CommandSettings] Flag 'disableupdate': 'False'
[2023-07-17 06:14:32Z INFO CommandSettings] Flag 'ephemeral': 'False'
[2023-07-17 06:14:32Z INFO CommandSettings] Arg 'name': ''
[2023-07-17 06:14:32Z INFO CommandSettings] Flag 'unattended': 'False'
[2023-07-17 06:14:32Z INFO PromptManager] ReadValue
[2023-07-17 06:14:32Z INFO Terminal] WRITE: Enter the name of runner: 
[2023-07-17 06:14:32Z INFO Terminal] WRITE: [press Enter for DESKTOP-KP98A9A] 
[2023-07-17 06:14:32Z INFO Terminal] READ LINE
[2023-07-17 06:14:33Z INFO Terminal] Read value: ''
[2023-07-17 06:14:33Z INFO PromptManager] Falling back to the default: 'DESKTOP-KP98A9A'
[2023-07-17 06:14:33Z INFO Terminal] WRITE LINE: 
[2023-07-17 06:14:33Z INFO CommandSettings] Arg 'labels': ''
[2023-07-17 06:14:33Z INFO CommandSettings] Flag 'unattended': 'False'
[2023-07-17 06:14:33Z INFO PromptManager] ReadValue
[2023-07-17 06:14:33Z INFO Terminal] WRITE: This runner will have the following labels: 'self-hosted', 'Windows', 'X64' 
Enter any additional labels (ex. label-1,label-2): 
[2023-07-17 06:14:33Z INFO Terminal] WRITE: [press Enter to skip] 
[2023-07-17 06:14:33Z INFO Terminal] READ LINE
[2023-07-17 06:14:33Z INFO Terminal] Read value: ''
[2023-07-17 06:14:33Z INFO Terminal] WRITE LINE: 
[2023-07-17 06:14:34Z INFO Terminal] WRITE LINE: A runner exists with the same name
[2023-07-17 06:14:34Z INFO CommandSettings] Flag 'replace': 'False'
[2023-07-17 06:14:34Z INFO CommandSettings] Flag 'unattended': 'False'
[2023-07-17 06:14:34Z INFO PromptManager] ReadValue
[2023-07-17 06:14:34Z INFO Terminal] WRITE: Would you like to replace the existing runner? (Y/N) 
[2023-07-17 06:14:34Z INFO Terminal] WRITE: [press Enter for N] 
[2023-07-17 06:14:34Z INFO Terminal] READ LINE
[2023-07-17 06:14:34Z INFO Terminal] Read value: ''
[2023-07-17 06:14:34Z INFO PromptManager] Falling back to the default: 'N'
[2023-07-17 06:14:34Z INFO CommandSettings] Flag 'unattended': 'False'
[2023-07-17 06:14:34Z INFO CommandSettings] Flag 'disableupdate': 'False'
[2023-07-17 06:14:34Z INFO CommandSettings] Flag 'ephemeral': 'False'
[2023-07-17 06:14:34Z INFO CommandSettings] Arg 'name': ''
[2023-07-17 06:14:34Z INFO CommandSettings] Flag 'unattended': 'False'
[2023-07-17 06:14:34Z INFO PromptManager] ReadValue
[2023-07-17 06:14:34Z INFO Terminal] WRITE: Enter the name of runner: 
[2023-07-17 06:14:34Z INFO Terminal] WRITE: [press Enter for DESKTOP-KP98A9A] 
[2023-07-17 06:14:34Z INFO Terminal] READ LINE
[2023-07-17 06:14:35Z INFO Terminal] Read value: ''
[2023-07-17 06:14:35Z INFO PromptManager] Falling back to the default: 'DESKTOP-KP98A9A'
[2023-07-17 06:14:35Z INFO Terminal] WRITE LINE: 
[2023-07-17 06:14:35Z INFO CommandSettings] Arg 'labels': ''
[2023-07-17 06:14:35Z INFO CommandSettings] Flag 'unattended': 'False'
[2023-07-17 06:14:35Z INFO PromptManager] ReadValue
[2023-07-17 06:14:35Z INFO Terminal] WRITE: This runner will have the following labels: 'self-hosted', 'Windows', 'X64' 
Enter any additional labels (ex. label-1,label-2): 
[2023-07-17 06:14:35Z INFO Terminal] WRITE: [press Enter to skip] 
[2023-07-17 06:14:35Z INFO Terminal] READ LINE
[2023-07-17 06:14:35Z INFO Terminal] Read value: ''
[2023-07-17 06:14:35Z INFO Terminal] WRITE LINE: 
[2023-07-17 06:14:35Z INFO Terminal] WRITE LINE: A runner exists with the same name
[2023-07-17 06:14:35Z INFO CommandSettings] Flag 'replace': 'False'
[2023-07-17 06:14:35Z INFO CommandSettings] Flag 'unattended': 'False'
[2023-07-17 06:14:35Z INFO PromptManager] ReadValue
[2023-07-17 06:14:35Z INFO Terminal] WRITE: Would you like to replace the existing runner? (Y/N) 
[2023-07-17 06:14:35Z INFO Terminal] WRITE: [press Enter for N] 
[2023-07-17 06:14:35Z INFO Terminal] READ LINE
[2023-07-17 06:14:36Z INFO Terminal] Read value: ''
[2023-07-17 06:14:36Z INFO PromptManager] Falling back to the default: 'N'
[2023-07-17 06:14:36Z INFO CommandSettings] Flag 'unattended': 'False'
[2023-07-17 06:14:36Z INFO CommandSettings] Flag 'disableupdate': 'False'
[2023-07-17 06:14:36Z INFO CommandSettings] Flag 'ephemeral': 'False'
[2023-07-17 06:14:36Z INFO CommandSettings] Arg 'name': ''
[2023-07-17 06:14:36Z INFO CommandSettings] Flag 'unattended': 'False'
[2023-07-17 06:14:36Z INFO PromptManager] ReadValue
[2023-07-17 06:14:36Z INFO Terminal] WRITE: Enter the name of runner: 
[2023-07-17 06:14:36Z INFO Terminal] WRITE: [press Enter for DESKTOP-KP98A9A] 
[2023-07-17 06:14:36Z INFO Terminal] READ LINE
[2023-07-17 06:14:37Z INFO Terminal] Read value: ''
[2023-07-17 06:14:37Z INFO PromptManager] Falling back to the default: 'DESKTOP-KP98A9A'
[2023-07-17 06:14:37Z INFO Terminal] WRITE LINE: 
[2023-07-17 06:14:37Z INFO CommandSettings] Arg 'labels': ''
[2023-07-17 06:14:37Z INFO CommandSettings] Flag 'unattended': 'False'
[2023-07-17 06:14:37Z INFO PromptManager] ReadValue
[2023-07-17 06:14:37Z INFO Terminal] WRITE: This runner will have the following labels: 'self-hosted', 'Windows', 'X64' 
Enter any additional labels (ex. label-1,label-2): 
[2023-07-17 06:14:37Z INFO Terminal] WRITE: [press Enter to skip] 
[2023-07-17 06:14:37Z INFO Terminal] READ LINE
[2023-07-17 06:14:37Z INFO Terminal] Read value: ''
[2023-07-17 06:14:37Z INFO Terminal] WRITE LINE: 
[2023-07-17 06:14:37Z INFO Terminal] WRITE LINE: A runner exists with the same name
[2023-07-17 06:14:37Z INFO CommandSettings] Flag 'replace': 'False'
[2023-07-17 06:14:37Z INFO CommandSettings] Flag 'unattended': 'False'
[2023-07-17 06:14:37Z INFO PromptManager] ReadValue
[2023-07-17 06:14:37Z INFO Terminal] WRITE: Would you like to replace the existing runner? (Y/N) 
[2023-07-17 06:14:37Z INFO Terminal] WRITE: [press Enter for N] 
[2023-07-17 06:14:37Z INFO Terminal] READ LINE
[2023-07-17 06:14:38Z INFO Terminal] Read value: ''
[2023-07-17 06:14:38Z INFO PromptManager] Falling back to the default: 'N'
[2023-07-17 06:14:38Z INFO CommandSettings] Flag 'unattended': 'False'
[2023-07-17 06:14:38Z INFO CommandSettings] Flag 'disableupdate': 'False'
[2023-07-17 06:14:38Z INFO CommandSettings] Flag 'ephemeral': 'False'
[2023-07-17 06:14:38Z INFO CommandSettings] Arg 'name': ''
[2023-07-17 06:14:38Z INFO CommandSettings] Flag 'unattended': 'False'
[2023-07-17 06:14:38Z INFO PromptManager] ReadValue
[2023-07-17 06:14:38Z INFO Terminal] WRITE: Enter the name of runner: 
[2023-07-17 06:14:38Z INFO Terminal] WRITE: [press Enter for DESKTOP-KP98A9A] 
[2023-07-17 06:14:38Z INFO Terminal] READ LINE
[2023-07-17 06:14:40Z INFO Terminal] Read value: ''
[2023-07-17 06:14:40Z INFO PromptManager] Falling back to the default: 'DESKTOP-KP98A9A'
[2023-07-17 06:14:40Z INFO Terminal] WRITE LINE: 
[2023-07-17 06:14:40Z INFO CommandSettings] Arg 'labels': ''
[2023-07-17 06:14:40Z INFO CommandSettings] Flag 'unattended': 'False'
[2023-07-17 06:14:40Z INFO PromptManager] ReadValue
[2023-07-17 06:14:40Z INFO Terminal] WRITE: This runner will have the following labels: 'self-hosted', 'Windows', 'X64' 
Enter any additional labels (ex. label-1,label-2): 
[2023-07-17 06:14:40Z INFO Terminal] WRITE: [press Enter to skip] 
[2023-07-17 06:14:40Z INFO Terminal] READ LINE
[2023-07-17 06:14:45Z INFO Terminal] Read value: ''
[2023-07-17 06:14:45Z INFO Terminal] WRITE LINE: 
[2023-07-17 06:14:45Z INFO Terminal] WRITE LINE: A runner exists with the same name
[2023-07-17 06:14:45Z INFO CommandSettings] Flag 'replace': 'False'
[2023-07-17 06:14:45Z INFO CommandSettings] Flag 'unattended': 'False'
[2023-07-17 06:14:45Z INFO PromptManager] ReadValue
[2023-07-17 06:14:45Z INFO Terminal] WRITE: Would you like to replace the existing runner? (Y/N) 
[2023-07-17 06:14:45Z INFO Terminal] WRITE: [press Enter for N] 
[2023-07-17 06:14:45Z INFO Terminal] READ LINE
[2023-07-17 06:14:46Z INFO Terminal] Read value: ''
[2023-07-17 06:14:46Z INFO PromptManager] Falling back to the default: 'N'
[2023-07-17 06:14:46Z INFO CommandSettings] Flag 'unattended': 'False'
[2023-07-17 06:14:46Z INFO CommandSettings] Flag 'disableupdate': 'False'
[2023-07-17 06:14:46Z INFO CommandSettings] Flag 'ephemeral': 'False'
[2023-07-17 06:14:46Z INFO CommandSettings] Arg 'name': ''
[2023-07-17 06:14:46Z INFO CommandSettings] Flag 'unattended': 'False'
[2023-07-17 06:14:46Z INFO PromptManager] ReadValue
[2023-07-17 06:14:46Z INFO Terminal] WRITE: Enter the name of runner: 
[2023-07-17 06:14:46Z INFO Terminal] WRITE: [press Enter for DESKTOP-KP98A9A] 
[2023-07-17 06:14:46Z INFO Terminal] READ LINE
[2023-07-17 06:14:48Z INFO Terminal] Read value: ''
[2023-07-17 06:14:48Z INFO PromptManager] Falling back to the default: 'DESKTOP-KP98A9A'
[2023-07-17 06:14:48Z INFO Terminal] WRITE LINE: 
[2023-07-17 06:14:48Z INFO CommandSettings] Arg 'labels': ''
[2023-07-17 06:14:48Z INFO CommandSettings] Flag 'unattended': 'False'
[2023-07-17 06:14:48Z INFO PromptManager] ReadValue
[2023-07-17 06:14:48Z INFO Terminal] WRITE: This runner will have the following labels: 'self-hosted', 'Windows', 'X64' 
Enter any additional labels (ex. label-1,label-2): 
[2023-07-17 06:14:48Z INFO Terminal] WRITE: [press Enter to skip] 
[2023-07-17 06:14:48Z INFO Terminal] READ LINE
[2023-07-17 06:14:49Z INFO Terminal] Read value: ''
[2023-07-17 06:14:49Z INFO Terminal] WRITE LINE: 
[2023-07-17 06:14:49Z INFO Terminal] WRITE LINE: A runner exists with the same name
[2023-07-17 06:14:49Z INFO CommandSettings] Flag 'replace': 'False'
[2023-07-17 06:14:49Z INFO CommandSettings] Flag 'unattended': 'False'
[2023-07-17 06:14:49Z INFO PromptManager] ReadValue
[2023-07-17 06:14:49Z INFO Terminal] WRITE: Would you like to replace the existing runner? (Y/N) 
[2023-07-17 06:14:49Z INFO Terminal] WRITE: [press Enter for N] 
[2023-07-17 06:14:49Z INFO Terminal] READ LINE
[2023-07-17 06:14:49Z INFO Terminal] Read value: ''
[2023-07-17 06:14:49Z INFO PromptManager] Falling back to the default: 'N'
[2023-07-17 06:14:49Z INFO CommandSettings] Flag 'unattended': 'False'
[2023-07-17 06:14:49Z INFO CommandSettings] Flag 'disableupdate': 'False'
[2023-07-17 06:14:49Z INFO CommandSettings] Flag 'ephemeral': 'False'
[2023-07-17 06:14:49Z INFO CommandSettings] Arg 'name': ''
[2023-07-17 06:14:49Z INFO CommandSettings] Flag 'unattended': 'False'
[2023-07-17 06:14:49Z INFO PromptManager] ReadValue
[2023-07-17 06:14:49Z INFO Terminal] WRITE: Enter the name of runner: 
[2023-07-17 06:14:49Z INFO Terminal] WRITE: [press Enter for DESKTOP-KP98A9A] 
[2023-07-17 06:14:49Z INFO Terminal] READ LINE
[2023-07-17 06:14:56Z INFO Terminal] Read value: ''
[2023-07-17 06:14:56Z INFO PromptManager] Falling back to the default: 'DESKTOP-KP98A9A'
[2023-07-17 06:14:56Z INFO Terminal] WRITE LINE: 
[2023-07-17 06:14:56Z INFO CommandSettings] Arg 'labels': ''
[2023-07-17 06:14:56Z INFO CommandSettings] Flag 'unattended': 'False'
[2023-07-17 06:14:56Z INFO PromptManager] ReadValue
[2023-07-17 06:14:56Z INFO Terminal] WRITE: This runner will have the following labels: 'self-hosted', 'Windows', 'X64' 
Enter any additional labels (ex. label-1,label-2): 
[2023-07-17 06:14:56Z INFO Terminal] WRITE: [press Enter to skip] 
[2023-07-17 06:14:56Z INFO Terminal] READ LINE
[2023-07-17 06:14:59Z INFO Terminal] Read value: ''
[2023-07-17 06:14:59Z INFO Terminal] WRITE LINE: 
[2023-07-17 06:14:59Z INFO Terminal] WRITE LINE: A runner exists with the same name
[2023-07-17 06:14:59Z INFO CommandSettings] Flag 'replace': 'False'
[2023-07-17 06:14:59Z INFO CommandSettings] Flag 'unattended': 'False'
[2023-07-17 06:14:59Z INFO PromptManager] ReadValue
[2023-07-17 06:14:59Z INFO Terminal] WRITE: Would you like to replace the existing runner? (Y/N) 
[2023-07-17 06:14:59Z INFO Terminal] WRITE: [press Enter for N] 
[2023-07-17 06:14:59Z INFO Terminal] READ LINE
[2023-07-17 06:15:02Z INFO Terminal] Read value: 'Y'
[2023-07-17 06:15:02Z INFO CommandSettings] Flag 'disableupdate': 'False'
[2023-07-17 06:15:02Z INFO CommandSettings] Flag 'no-default-labels': 'False'
[2023-07-17 06:15:02Z INFO CommandSettings] Flag 'disableupdate': 'False'
[2023-07-17 06:15:02Z INFO CommandSettings] Flag 'ephemeral': 'False'
[2023-07-17 06:15:02Z INFO ConfigurationStore] Saving OAuth credential @ C:\Users\oplab\Desktop\CICD_test\actions-runner\.credentials
[2023-07-17 06:15:02Z INFO ConfigurationStore] Credentials Saved.
[2023-07-17 06:15:02Z INFO ConfigurationStore] HasCredentials()
[2023-07-17 06:15:02Z INFO ConfigurationStore] stored True
[2023-07-17 06:15:02Z INFO CredentialManager] GetCredentialProvider
[2023-07-17 06:15:02Z INFO CredentialManager] Creating type OAuth
[2023-07-17 06:15:02Z INFO CredentialManager] Creating credential type: OAuth
[2023-07-17 06:15:02Z INFO RSAEncryptedFileKeyManager] Loading RSA key parameters from file C:\Users\oplab\Desktop\CICD_test\actions-runner\.credentials_rsaparams
[2023-07-17 06:15:02Z INFO RunnerServer] EstablishVssConnection
[2023-07-17 06:15:02Z INFO RunnerServer] Establish connection with 100 seconds timeout.
[2023-07-17 06:15:02Z INFO GitHubActionsService] Starting operation Location.GetConnectionData
[2023-07-17 06:15:02Z INFO RunnerServer] EstablishVssConnection
[2023-07-17 06:15:02Z INFO RunnerServer] Establish connection with 60 seconds timeout.
[2023-07-17 06:15:02Z INFO GitHubActionsService] Starting operation Location.GetConnectionData
[2023-07-17 06:15:02Z INFO RunnerServer] EstablishVssConnection
[2023-07-17 06:15:02Z INFO RunnerServer] Establish connection with 60 seconds timeout.
[2023-07-17 06:15:02Z INFO GitHubActionsService] Starting operation Location.GetConnectionData
[2023-07-17 06:15:03Z INFO GitHubActionsService] Finished operation Location.GetConnectionData
[2023-07-17 06:15:03Z INFO GitHubActionsService] Finished operation Location.GetConnectionData
[2023-07-17 06:15:03Z INFO GitHubActionsService] Finished operation Location.GetConnectionData
[2023-07-17 06:15:03Z INFO RSAEncryptedFileKeyManager] Loading RSA key parameters from file C:\Users\oplab\Desktop\CICD_test\actions-runner\.credentials_rsaparams
[2023-07-17 06:15:04Z INFO RSAEncryptedFileKeyManager] Loading RSA key parameters from file C:\Users\oplab\Desktop\CICD_test\actions-runner\.credentials_rsaparams
[2023-07-17 06:15:04Z INFO GitHubActionsService] AAD Correlation ID for this token request: Unknown
[2023-07-17 06:15:05Z INFO CommandSettings] Arg 'work': ''
[2023-07-17 06:15:05Z INFO CommandSettings] Flag 'unattended': 'False'
[2023-07-17 06:15:05Z INFO PromptManager] ReadValue
[2023-07-17 06:15:05Z INFO Terminal] WRITE: Enter name of work folder: 
[2023-07-17 06:15:05Z INFO Terminal] WRITE: [press Enter for _work] 
[2023-07-17 06:15:05Z INFO Terminal] READ LINE
[2023-07-17 06:15:07Z INFO Terminal] Read value: ''
[2023-07-17 06:15:07Z INFO PromptManager] Falling back to the default: '_work'
[2023-07-17 06:15:07Z INFO ConfigurationStore] Saving runner settings.
[2023-07-17 06:15:07Z INFO ConfigurationStore] Settings Saved.
[2023-07-17 06:15:07Z INFO Terminal] WRITE LINE: 
[2023-07-17 06:15:07Z INFO Terminal] WRITE LINE: 
[2023-07-17 06:15:07Z INFO CommandSettings] Flag 'runasservice': 'False'
[2023-07-17 06:15:07Z INFO CommandSettings] Flag 'unattended': 'False'
[2023-07-17 06:15:07Z INFO PromptManager] ReadValue
[2023-07-17 06:15:07Z INFO Terminal] WRITE: Would you like to run the runner as service? (Y/N) 
[2023-07-17 06:15:07Z INFO Terminal] WRITE: [press Enter for N] 
[2023-07-17 06:15:07Z INFO Terminal] READ LINE
[2023-07-17 06:15:13Z INFO Terminal] Read value: ''
[2023-07-17 06:15:13Z INFO PromptManager] Falling back to the default: 'N'
[2023-07-17 06:15:13Z INFO Listener] Runner execution has finished with return code 0
